<?xml version="1.0" encoding="UTF-8"?>
<testng-results ignored="0" total="1" passed="1" failed="0" skipped="0">
  <reporter-output>
  </reporter-output>
  <suite started-at="2022-03-23T13:50:39 IST" name="Default suite" finished-at="2022-03-23T13:51:51 IST" duration-ms="72563">
    <groups>
    </groups>
    <test started-at="2022-03-23T13:50:39 IST" name="Default test" finished-at="2022-03-23T13:51:51 IST" duration-ms="72563">
      <class name="com.crm.Demo1.LoginLogoutVTTest">
        <test-method signature="getParameters()[pri:0, instance:com.crm.Demo1.LoginLogoutVTTest@15bbf42f]" started-at="2022-03-23T13:50:39 IST" name="getParameters" finished-at="2022-03-23T13:51:51 IST" duration-ms="72368" status="PASS">
          <reporter-output>
          </reporter-output>
        </test-method> <!-- getParameters -->
      </class> <!-- com.crm.Demo1.LoginLogoutVTTest -->
    </test> <!-- Default test -->
  </suite> <!-- Default suite -->
</testng-results>
